## 2025-09-22 16:58:22 [threadid:152772800,ConsoleModule.cpp,100] ERROR ## [AE_JSRUNTIME_TAG]'bzh_setValueForce_textNode: name is LetterAlpha new value is 0'

    at value (file:///bootstrap/bootstrap.js:3:2225)
    at set value (file:////Users/bytedance/Library/Application Support/DouyinAR/Instances/Instance1/Preview/previewSticker/sticker_3/AmazingFeature/js/ie_package/ie_js/src/compressed/ieSurfaceGraph/ieSurfaceProcessor/sgTimeLine/TimeLinePropertyTrack.js:2:1170)
    at onSeek (file:////Users/bytedance/Library/Application Support/DouyinAR/Instances/Instance1/Preview/previewSticker/sticker_3/AmazingFeature/js/ie_package/ie_js/src/compressed/ieSurfaceGraph/ieSurfaceProcessor/sgTimeLine/TimeLinePropertyTrack.js:2:7862)
    at <anonymous> (file:////Users/bytedance/Library/Application Support/DouyinAR/Instances/Instance1/Preview/previewSticker/sticker_3/AmazingFeature/js/ie_package/ie_js/src/compressed/ieSurfaceGraph/ieSurfaceProcessor/sgTimeLine/sgTimeLineAnimator.js:2:3415)
    at forEach (native)
    at _layerSeek (file:////Users/bytedance/Library/Application Support/DouyinAR/Instances/Instance1/Preview/previewSticker/sticker_3/AmazingFeature/js/ie_package/ie_js/src/compressed/ieSurfaceGraph/ieSurfaceProcessor/sgTimeLine/sgTimeLineAnimator.js:2:3418)
    at <anonymous> (file:////Users/bytedance/Library/Application Support/DouyinAR/Instances/Instance1/Preview/previewSticker/sticker_3/AmazingFeature/js/ie_package/ie_js/src/compressed/ieSurfaceGraph/ieSurfaceProcessor/sgTimeLine/sgTimeLineAnimator.js:2:2792)
    at forEach (native)
    at onSeek (file:////Users/bytedance/Library/Application Support/DouyinAR/Instances/Instance1/Preview/previewSticker/sticker_3/AmazingFeature/js/ie_package/ie_js/src/compressed/ieSurfaceGraph/ieSurfaceProcessor/sgTimeLine/sgTimeLineAnimator.js:2:2795)
    at seekEH (file:////Users/bytedance/Library/Application Support/DouyinAR/Instances/Instance1/Preview/previewSticker/sticker_3/AmazingFeature/js/ie_package/ie_js/src/compressed/ieSurfaceGraph/ieSurfaceProcessor.js:2:33277)
    at onUpdate (file:////Users/bytedance/Library/Application Support/DouyinAR/Instances/Instance1/Preview/previewSticker/sticker_3/AmazingFeature/js/SurfaceGraphScript.js:186:62)

BEF::bef_effect_onPause_imp( 0x1, -1,)
EffectSDK-1900 [bef_effect_api.cpp 1316] bef_effect_onPause type: -1
EffectSDK-1900 [EffectManager.cpp 7837] onPause: EffectManager >> onPause, type = -1

[2025-09-22 16:59:07.465] [info] BEF::bef_effect_onResume_imp( 0x1, -1,)
EffectSDK-1900 [bef_effect_api.cpp 1399] bef_effect_onResume type: -1
EffectSDK-1900 [EffectManager.cpp 7887] onResume: EffectManager >> onResume, type = -1

## 2025-09-22 16:59:07 [threadid:152772800,ConsoleModule.cpp,100] ERROR ## [AE_JSRUNTIME_TAG]'bzh_setValueForce_textNode: name is LetterScale new value is Vector2f(0.50000, 0.50000)'

    at value (file:///bootstrap/bootstrap.js:3:2225)
    at set value (file:////Users/bytedance/Library/Application Support/DouyinAR/Instances/Instance1/Preview/previewSticker/sticker_3/AmazingFeature/js/ie_package/ie_js/src/compressed/ieSurfaceGraph/ieSurfaceProcessor/sgTimeLine/TimeLinePropertyTrack.js:2:1170)
    at onSeek (file:////Users/bytedance/Library/Application Support/DouyinAR/Instances/Instance1/Preview/previewSticker/sticker_3/AmazingFeature/js/ie_package/ie_js/src/compressed/ieSurfaceGraph/ieSurfaceProcessor/sgTimeLine/TimeLinePropertyTrack.js:2:7862)
    at <anonymous> (file:////Users/bytedance/Library/Application Support/DouyinAR/Instances/Instance1/Preview/previewSticker/sticker_3/AmazingFeature/js/ie_package/ie_js/src/compressed/ieSurfaceGraph/ieSurfaceProcessor/sgTimeLine/sgTimeLineAnimator.js:2:3415)
    at forEach (native)
    at _layerSeek (file:////Users/bytedance/Library/Application Support/DouyinAR/Instances/Instance1/Preview/previewSticker/sticker_3/AmazingFeature/js/ie_package/ie_js/src/compressed/ieSurfaceGraph/ieSurfaceProcessor/sgTimeLine/sgTimeLineAnimator.js:2:3418)
    at <anonymous> (file:////Users/bytedance/Library/Application Support/DouyinAR/Instances/Instance1/Preview/previewSticker/sticker_3/AmazingFeature/js/ie_package/ie_js/src/compressed/ieSurfaceGraph/ieSurfaceProcessor/sgTimeLine/sgTimeLineAnimator.js:2:2792)
    at forEach (native)
    at onSeek (file:////Users/bytedance/Library/Application Support/DouyinAR/Instances/Instance1/Preview/previewSticker/sticker_3/AmazingFeature/js/ie_package/ie_js/src/compressed/ieSurfaceGraph/ieSurfaceProcessor/sgTimeLine/sgTimeLineAnimator.js:2:2795)
    at seekEH (file:////Users/bytedance/Library/Application Support/DouyinAR/Instances/Instance1/Preview/previewSticker/sticker_3/AmazingFeature/js/ie_package/ie_js/src/compressed/ieSurfaceGraph/ieSurfaceProcessor.js:2:33277)
    at onUpdate (file:////Users/bytedance/Library/Application Support/DouyinAR/Instances/Instance1/Preview/previewSticker/sticker_3/AmazingFeature/js/SurfaceGraphScript.js:186:62)

## 2025-09-22 16:59:07 [threadid:152772800,ConsoleModule.cpp,100] ERROR ## [AE_JSRUNTIME_TAG]'bzh_setValueForce_textNode: name is LetterAlpha new value is 0'

    at value (file:///bootstrap/bootstrap.js:3:2225)
    at set value (file:////Users/bytedance/Library/Application Support/DouyinAR/Instances/Instance1/Preview/previewSticker/sticker_3/AmazingFeature/js/ie_package/ie_js/src/compressed/ieSurfaceGraph/ieSurfaceProcessor/sgTimeLine/TimeLinePropertyTrack.js:2:1170)
    at onSeek (file:////Users/bytedance/Library/Application Support/DouyinAR/Instances/Instance1/Preview/previewSticker/sticker_3/AmazingFeature/js/ie_package/ie_js/src/compressed/ieSurfaceGraph/ieSurfaceProcessor/sgTimeLine/TimeLinePropertyTrack.js:2:7862)
    at <anonymous> (file:////Users/bytedance/Library/Application Support/DouyinAR/Instances/Instance1/Preview/previewSticker/sticker_3/AmazingFeature/js/ie_package/ie_js/src/compressed/ieSurfaceGraph/ieSurfaceProcessor/sgTimeLine/sgTimeLineAnimator.js:2:3415)
    at forEach (native)
    at _layerSeek (file:////Users/bytedance/Library/Application Support/DouyinAR/Instances/Instance1/Preview/previewSticker/sticker_3/AmazingFeature/js/ie_package/ie_js/src/compressed/ieSurfaceGraph/ieSurfaceProcessor/sgTimeLine/sgTimeLineAnimator.js:2:3418)
    at <anonymous> (file:////Users/bytedance/Library/Application Support/DouyinAR/Instances/Instance1/Preview/previewSticker/sticker_3/AmazingFeature/js/ie_package/ie_js/src/compressed/ieSurfaceGraph/ieSurfaceProcessor/sgTimeLine/sgTimeLineAnimator.js:2:2792)
    at forEach (native)
    at onSeek (file:////Users/bytedance/Library/Application Support/DouyinAR/Instances/Instance1/Preview/previewSticker/sticker_3/AmazingFeature/js/ie_package/ie_js/src/compressed/ieSurfaceGraph/ieSurfaceProcessor/sgTimeLine/sgTimeLineAnimator.js:2:2795)
    at seekEH (file:////Users/bytedance/Library/Application Support/DouyinAR/Instances/Instance1/Preview/previewSticker/sticker_3/AmazingFeature/js/ie_package/ie_js/src/compressed/ieSurfaceGraph/ieSurfaceProcessor.js:2:33277)
    at onUpdate (file:////Users/bytedance/Library/Application Support/DouyinAR/Instances/Instance1/Preview/previewSticker/sticker_3/AmazingFeature/js/SurfaceGraphScript.js:186:62)

## 2025-09-22 16:59:09 [threadid:152772800,ConsoleModule.cpp,100] ERROR ## [AE_JSRUNTIME_TAG]'bzh_setValueForce_textNode: name is LetterAlpha new value is 0'

    at value (file:///bootstrap/bootstrap.js:3:2225)
    at set value (file:////Users/bytedance/Library/Application Support/DouyinAR/Instances/Instance1/Preview/previewSticker/sticker_3/AmazingFeature/js/ie_package/ie_js/src/compressed/ieSurfaceGraph/ieSurfaceProcessor/sgTimeLine/TimeLinePropertyTrack.js:2:1170)
    at onSeek (file:////Users/bytedance/Library/Application Support/DouyinAR/Instances/Instance1/Preview/previewSticker/sticker_3/AmazingFeature/js/ie_package/ie_js/src/compressed/ieSurfaceGraph/ieSurfaceProcessor/sgTimeLine/TimeLinePropertyTrack.js:2:7862)
    at <anonymous> (file:////Users/bytedance/Library/Application Support/DouyinAR/Instances/Instance1/Preview/previewSticker/sticker_3/AmazingFeature/js/ie_package/ie_js/src/compressed/ieSurfaceGraph/ieSurfaceProcessor/sgTimeLine/sgTimeLineAnimator.js:2:3415)
    at forEach (native)
    at _layerSeek (file:////Users/bytedance/Library/Application Support/DouyinAR/Instances/Instance1/Preview/previewSticker/sticker_3/AmazingFeature/js/ie_package/ie_js/src/compressed/ieSurfaceGraph/ieSurfaceProcessor/sgTimeLine/sgTimeLineAnimator.js:2:3418)
    at <anonymous> (file:////Users/bytedance/Library/Application Support/DouyinAR/Instances/Instance1/Preview/previewSticker/sticker_3/AmazingFeature/js/ie_package/ie_js/src/compressed/ieSurfaceGraph/ieSurfaceProcessor/sgTimeLine/sgTimeLineAnimator.js:2:2792)
    at forEach (native)
    at onSeek (file:////Users/bytedance/Library/Application Support/DouyinAR/Instances/Instance1/Preview/previewSticker/sticker_3/AmazingFeature/js/ie_package/ie_js/src/compressed/ieSurfaceGraph/ieSurfaceProcessor/sgTimeLine/sgTimeLineAnimator.js:2:2795)
    at seekEH (file:////Users/bytedance/Library/Application Support/DouyinAR/Instances/Instance1/Preview/previewSticker/sticker_3/AmazingFeature/js/ie_package/ie_js/src/compressed/ieSurfaceGraph/ieSurfaceProcessor.js:2:33277)
    at onUpdate (file:////Users/bytedance/Library/Application Support/DouyinAR/Instances/Instance1/Preview/previewSticker/sticker_3/AmazingFeature/js/SurfaceGraphScript.js:186:62)

BEF::bef_effect_onPause_imp( 0x1, -1,)
EffectSDK-1900 [bef_effect_api.cpp 1316] bef_effect_onPause type: -1
EffectSDK-1900 [EffectManager.cpp 7837] onPause: EffectManager >> onPause, type = -1
